log file: logs/230327-134039.log
--------------------------------------------------------------------------------
Config 1 (totally 2 configs)
No.1 training process of 5
>>> dataset: laptop
>>> output_dir: output
>>> SRD: 5
>>> learning_rate: 3e-05
>>> use_unique_bert: True
>>> use_bert_spc: False
>>> local_context_focus: fusion
>>> num_train_epochs: 5.0
>>> train_batch_size: 16
>>> dropout: 0.0
>>> max_seq_length: 80
>>> eval_batch_size: 32
>>> eval_steps: 20
>>> gradient_accumulation_steps: 1
>>> device: cuda:0
>>> seed: 1
>>> bert_model: pretrained-models/bert-base-uncased
>>> data_dir: atepc_datasets/laptop
***** Running training *****
  Num examples = 2327
  Batch size = 16
  Num steps = 725
################################################################################
Train 1 Epoch1
################################################################################
################################################################################
Train 1 Epoch2
################################################################################
################################################################################
Train 1 Epoch3
################################################################################
################################################################################
Train 1 Epoch4
################################################################################
********************************************************************************
Train 1 Epoch4, Evaluate for atepc_datasets/laptop
APC_test_acc: 75.63(max: 75.63)  APC_test_f1: 69.75(max: 69.75)
ATE_test_f1: 81.76(max:81.76)
********************************************************************************
********************************************************************************
Train 1 Epoch4, Evaluate for atepc_datasets/laptop
APC_test_acc: 77.36(max: 77.36)  APC_test_f1: 71.96(max: 71.96)
ATE_test_f1: 81.18(max:81.76)
********************************************************************************
********************************************************************************
Train 1 Epoch4, Evaluate for atepc_datasets/laptop
APC_test_acc: 77.83(max: 77.83)  APC_test_f1: 74.69(max: 74.69)
ATE_test_f1: 79.99(max:81.76)
********************************************************************************
********************************************************************************
Train 1 Epoch4, Evaluate for atepc_datasets/laptop
APC_test_acc: 74.21(max: 77.83)  APC_test_f1: 69.36(max: 74.69)
ATE_test_f1: 79.07(max:81.76)
********************************************************************************
********************************************************************************
Train 1 Epoch4, Evaluate for atepc_datasets/laptop
APC_test_acc: 76.89(max: 77.83)  APC_test_f1: 73.09(max: 74.69)
ATE_test_f1: 80.78(max:81.76)
********************************************************************************
********************************************************************************
Train 1 Epoch4, Evaluate for atepc_datasets/laptop
APC_test_acc: 75.16(max: 77.83)  APC_test_f1: 71.78(max: 74.69)
ATE_test_f1: 79.13(max:81.76)
********************************************************************************
********************************************************************************
Train 1 Epoch4, Evaluate for atepc_datasets/laptop
APC_test_acc: 73.9(max: 77.83)  APC_test_f1: 65.62(max: 74.69)
ATE_test_f1: 78.36(max:81.76)
********************************************************************************
********************************************************************************
Train 1 Epoch4, Evaluate for atepc_datasets/laptop
APC_test_acc: 77.83(max: 77.83)  APC_test_f1: 73.02(max: 74.69)
ATE_test_f1: 80.78(max:81.76)
********************************************************************************
################################################################################
Train 1 Epoch5
################################################################################
********************************************************************************
Train 1 Epoch5, Evaluate for atepc_datasets/laptop
APC_test_acc: 77.83(max: 77.83)  APC_test_f1: 72.89(max: 74.69)
ATE_test_f1: 81.41(max:81.76)
********************************************************************************
********************************************************************************
Train 1 Epoch5, Evaluate for atepc_datasets/laptop
APC_test_acc: 74.84(max: 77.83)  APC_test_f1: 67.13(max: 74.69)
ATE_test_f1: 80.75(max:81.76)
********************************************************************************
********************************************************************************
Train 1 Epoch5, Evaluate for atepc_datasets/laptop
APC_test_acc: 77.04(max: 77.83)  APC_test_f1: 71.12(max: 74.69)
ATE_test_f1: 78.97(max:81.76)
********************************************************************************
********************************************************************************
Train 1 Epoch5, Evaluate for atepc_datasets/laptop
APC_test_acc: 79.4(max: 79.4)  APC_test_f1: 76.04(max: 76.04)
ATE_test_f1: 81.12(max:81.76)
********************************************************************************
********************************************************************************
Train 1 Epoch5, Evaluate for atepc_datasets/laptop
APC_test_acc: 76.42(max: 79.4)  APC_test_f1: 71.02(max: 76.04)
ATE_test_f1: 81.18(max:81.76)
********************************************************************************
********************************************************************************
Train 1 Epoch5, Evaluate for atepc_datasets/laptop
APC_test_acc: 78.3(max: 79.4)  APC_test_f1: 74.42(max: 76.04)
ATE_test_f1: 81.97(max:81.97)
********************************************************************************
********************************************************************************
Train 1 Epoch5, Evaluate for atepc_datasets/laptop
APC_test_acc: 75.63(max: 79.4)  APC_test_f1: 72.57(max: 76.04)
ATE_test_f1: 80.54(max:81.97)
********************************************************************************
max_ate_test_f1:81.97 max_apc_test_acc: 79.4	max_apc_test_f1: 76.04 	
No.2 training process of 5
>>> dataset: laptop
>>> output_dir: output
>>> SRD: 5
>>> learning_rate: 3e-05
>>> use_unique_bert: True
>>> use_bert_spc: False
>>> local_context_focus: fusion
>>> num_train_epochs: 5.0
>>> train_batch_size: 16
>>> dropout: 0.0
>>> max_seq_length: 80
>>> eval_batch_size: 32
>>> eval_steps: 20
>>> gradient_accumulation_steps: 1
>>> device: cuda:0
>>> seed: 2
>>> bert_model: pretrained-models/bert-base-uncased
>>> data_dir: atepc_datasets/laptop
***** Running training *****
  Num examples = 2327
  Batch size = 16
  Num steps = 725
################################################################################
Train 2 Epoch1
################################################################################
################################################################################
Train 2 Epoch2
################################################################################
################################################################################
Train 2 Epoch3
################################################################################
################################################################################
Train 2 Epoch4
################################################################################
********************************************************************************
Train 2 Epoch4, Evaluate for atepc_datasets/laptop
APC_test_acc: 72.8(max: 72.8)  APC_test_f1: 67.75(max: 67.75)
ATE_test_f1: 80.92(max:80.92)
********************************************************************************
********************************************************************************
Train 2 Epoch4, Evaluate for atepc_datasets/laptop
APC_test_acc: 75.47(max: 75.47)  APC_test_f1: 68.3(max: 68.3)
ATE_test_f1: 80.08(max:80.92)
********************************************************************************
********************************************************************************
Train 2 Epoch4, Evaluate for atepc_datasets/laptop
APC_test_acc: 79.4(max: 79.4)  APC_test_f1: 75.96(max: 75.96)
ATE_test_f1: 79.34(max:80.92)
********************************************************************************
********************************************************************************
Train 2 Epoch4, Evaluate for atepc_datasets/laptop
APC_test_acc: 77.67(max: 79.4)  APC_test_f1: 73.22(max: 75.96)
ATE_test_f1: 77.89(max:80.92)
********************************************************************************
********************************************************************************
Train 2 Epoch4, Evaluate for atepc_datasets/laptop
APC_test_acc: 77.04(max: 79.4)  APC_test_f1: 73.6(max: 75.96)
ATE_test_f1: 81.24(max:81.24)
********************************************************************************
********************************************************************************
Train 2 Epoch4, Evaluate for atepc_datasets/laptop
APC_test_acc: 73.43(max: 79.4)  APC_test_f1: 69.92(max: 75.96)
ATE_test_f1: 81.35(max:81.35)
********************************************************************************
********************************************************************************
Train 2 Epoch4, Evaluate for atepc_datasets/laptop
APC_test_acc: 77.36(max: 79.4)  APC_test_f1: 72.68(max: 75.96)
ATE_test_f1: 79.62(max:81.35)
********************************************************************************
********************************************************************************
Train 2 Epoch4, Evaluate for atepc_datasets/laptop
APC_test_acc: 75.16(max: 79.4)  APC_test_f1: 67.9(max: 75.96)
ATE_test_f1: 81.01(max:81.35)
********************************************************************************
################################################################################
Train 2 Epoch5
################################################################################
********************************************************************************
Train 2 Epoch5, Evaluate for atepc_datasets/laptop
APC_test_acc: 74.21(max: 79.4)  APC_test_f1: 67.64(max: 75.96)
ATE_test_f1: 81.37(max:81.37)
********************************************************************************
********************************************************************************
Train 2 Epoch5, Evaluate for atepc_datasets/laptop
APC_test_acc: 76.1(max: 79.4)  APC_test_f1: 72.97(max: 75.96)
ATE_test_f1: 81.14(max:81.37)
********************************************************************************
********************************************************************************
Train 2 Epoch5, Evaluate for atepc_datasets/laptop
APC_test_acc: 73.11(max: 79.4)  APC_test_f1: 67.28(max: 75.96)
ATE_test_f1: 79.88(max:81.37)
********************************************************************************
********************************************************************************
Train 2 Epoch5, Evaluate for atepc_datasets/laptop
APC_test_acc: 75.16(max: 79.4)  APC_test_f1: 70.5(max: 75.96)
ATE_test_f1: 80.66(max:81.37)
********************************************************************************
********************************************************************************
Train 2 Epoch5, Evaluate for atepc_datasets/laptop
APC_test_acc: 78.3(max: 79.4)  APC_test_f1: 73.72(max: 75.96)
ATE_test_f1: 81.67(max:81.67)
********************************************************************************
********************************************************************************
Train 2 Epoch5, Evaluate for atepc_datasets/laptop
APC_test_acc: 77.2(max: 79.4)  APC_test_f1: 72.14(max: 75.96)
ATE_test_f1: 79.39(max:81.67)
********************************************************************************
********************************************************************************
Train 2 Epoch5, Evaluate for atepc_datasets/laptop
APC_test_acc: 70.44(max: 79.4)  APC_test_f1: 69.31(max: 75.96)
ATE_test_f1: 81.58(max:81.67)
********************************************************************************
max_ate_test_f1:81.97 max_apc_test_acc: 79.4	max_apc_test_f1: 76.04 	
No.3 training process of 5
>>> dataset: laptop
>>> output_dir: output
>>> SRD: 5
>>> learning_rate: 3e-05
>>> use_unique_bert: True
>>> use_bert_spc: False
>>> local_context_focus: fusion
>>> num_train_epochs: 5.0
>>> train_batch_size: 16
>>> dropout: 0.0
>>> max_seq_length: 80
>>> eval_batch_size: 32
>>> eval_steps: 20
>>> gradient_accumulation_steps: 1
>>> device: cuda:0
>>> seed: 3
>>> bert_model: pretrained-models/bert-base-uncased
>>> data_dir: atepc_datasets/laptop
***** Running training *****
  Num examples = 2327
  Batch size = 16
  Num steps = 725
################################################################################
Train 3 Epoch1
################################################################################
################################################################################
Train 3 Epoch2
################################################################################
################################################################################
Train 3 Epoch3
################################################################################
################################################################################
Train 3 Epoch4
################################################################################
********************************************************************************
Train 3 Epoch4, Evaluate for atepc_datasets/laptop
APC_test_acc: 75.94(max: 75.94)  APC_test_f1: 69.56(max: 69.56)
ATE_test_f1: 82.3(max:82.3)
********************************************************************************
********************************************************************************
Train 3 Epoch4, Evaluate for atepc_datasets/laptop
APC_test_acc: 75.94(max: 75.94)  APC_test_f1: 70.23(max: 70.23)
ATE_test_f1: 81.53(max:82.3)
********************************************************************************
********************************************************************************
Train 3 Epoch4, Evaluate for atepc_datasets/laptop
APC_test_acc: 80.03(max: 80.03)  APC_test_f1: 77.27(max: 77.27)
ATE_test_f1: 82.24(max:82.3)
********************************************************************************
********************************************************************************
Train 3 Epoch4, Evaluate for atepc_datasets/laptop
APC_test_acc: 72.48(max: 80.03)  APC_test_f1: 63.0(max: 77.27)
ATE_test_f1: 79.25(max:82.3)
********************************************************************************
********************************************************************************
Train 3 Epoch4, Evaluate for atepc_datasets/laptop
APC_test_acc: 79.72(max: 80.03)  APC_test_f1: 74.68(max: 77.27)
ATE_test_f1: 81.17(max:82.3)
********************************************************************************
********************************************************************************
Train 3 Epoch4, Evaluate for atepc_datasets/laptop
APC_test_acc: 68.87(max: 80.03)  APC_test_f1: 66.01(max: 77.27)
ATE_test_f1: 80.92(max:82.3)
********************************************************************************
********************************************************************************
Train 3 Epoch4, Evaluate for atepc_datasets/laptop
APC_test_acc: 79.09(max: 80.03)  APC_test_f1: 74.78(max: 77.27)
ATE_test_f1: 78.17(max:82.3)
********************************************************************************
********************************************************************************
Train 3 Epoch4, Evaluate for atepc_datasets/laptop
APC_test_acc: 78.62(max: 80.03)  APC_test_f1: 73.63(max: 77.27)
ATE_test_f1: 82.17(max:82.3)
********************************************************************************
################################################################################
Train 3 Epoch5
################################################################################
********************************************************************************
Train 3 Epoch5, Evaluate for atepc_datasets/laptop
APC_test_acc: 77.04(max: 80.03)  APC_test_f1: 73.02(max: 77.27)
ATE_test_f1: 82.17(max:82.3)
********************************************************************************
********************************************************************************
Train 3 Epoch5, Evaluate for atepc_datasets/laptop
APC_test_acc: 74.37(max: 80.03)  APC_test_f1: 68.02(max: 77.27)
ATE_test_f1: 81.25(max:82.3)
********************************************************************************
********************************************************************************
Train 3 Epoch5, Evaluate for atepc_datasets/laptop
APC_test_acc: 75.31(max: 80.03)  APC_test_f1: 69.94(max: 77.27)
ATE_test_f1: 79.25(max:82.3)
********************************************************************************
********************************************************************************
Train 3 Epoch5, Evaluate for atepc_datasets/laptop
APC_test_acc: 77.67(max: 80.03)  APC_test_f1: 74.33(max: 77.27)
ATE_test_f1: 79.42(max:82.3)
********************************************************************************
********************************************************************************
Train 3 Epoch5, Evaluate for atepc_datasets/laptop
APC_test_acc: 77.36(max: 80.03)  APC_test_f1: 72.71(max: 77.27)
ATE_test_f1: 80.6(max:82.3)
********************************************************************************
********************************************************************************
Train 3 Epoch5, Evaluate for atepc_datasets/laptop
APC_test_acc: 74.06(max: 80.03)  APC_test_f1: 66.98(max: 77.27)
ATE_test_f1: 81.05(max:82.3)
********************************************************************************
********************************************************************************
Train 3 Epoch5, Evaluate for atepc_datasets/laptop
APC_test_acc: 75.31(max: 80.03)  APC_test_f1: 71.62(max: 77.27)
ATE_test_f1: 81.62(max:82.3)
********************************************************************************
max_ate_test_f1:82.3 max_apc_test_acc: 80.03	max_apc_test_f1: 77.27 	
No.4 training process of 5
>>> dataset: laptop
>>> output_dir: output
>>> SRD: 5
>>> learning_rate: 3e-05
>>> use_unique_bert: True
>>> use_bert_spc: False
>>> local_context_focus: fusion
>>> num_train_epochs: 5.0
>>> train_batch_size: 16
>>> dropout: 0.0
>>> max_seq_length: 80
>>> eval_batch_size: 32
>>> eval_steps: 20
>>> gradient_accumulation_steps: 1
>>> device: cuda:0
>>> seed: 4
>>> bert_model: pretrained-models/bert-base-uncased
>>> data_dir: atepc_datasets/laptop
***** Running training *****
  Num examples = 2327
  Batch size = 16
  Num steps = 725
################################################################################
Train 4 Epoch1
################################################################################
################################################################################
Train 4 Epoch2
################################################################################
################################################################################
Train 4 Epoch3
################################################################################
################################################################################
Train 4 Epoch4
################################################################################
********************************************************************************
Train 4 Epoch4, Evaluate for atepc_datasets/laptop
APC_test_acc: 74.37(max: 74.37)  APC_test_f1: 66.33(max: 66.33)
ATE_test_f1: 81.95(max:81.95)
********************************************************************************
********************************************************************************
Train 4 Epoch4, Evaluate for atepc_datasets/laptop
APC_test_acc: 74.84(max: 74.84)  APC_test_f1: 68.71(max: 68.71)
ATE_test_f1: 81.14(max:81.95)
********************************************************************************
********************************************************************************
Train 4 Epoch4, Evaluate for atepc_datasets/laptop
APC_test_acc: 77.2(max: 77.2)  APC_test_f1: 73.84(max: 73.84)
ATE_test_f1: 81.07(max:81.95)
********************************************************************************
********************************************************************************
Train 4 Epoch4, Evaluate for atepc_datasets/laptop
APC_test_acc: 76.89(max: 77.2)  APC_test_f1: 70.35(max: 73.84)
ATE_test_f1: 75.57(max:81.95)
********************************************************************************
********************************************************************************
Train 4 Epoch4, Evaluate for atepc_datasets/laptop
APC_test_acc: 77.99(max: 77.99)  APC_test_f1: 73.9(max: 73.9)
ATE_test_f1: 81.25(max:81.95)
********************************************************************************
********************************************************************************
Train 4 Epoch4, Evaluate for atepc_datasets/laptop
APC_test_acc: 72.64(max: 77.99)  APC_test_f1: 69.59(max: 73.9)
ATE_test_f1: 81.62(max:81.95)
********************************************************************************
********************************************************************************
Train 4 Epoch4, Evaluate for atepc_datasets/laptop
APC_test_acc: 76.89(max: 77.99)  APC_test_f1: 71.47(max: 73.9)
ATE_test_f1: 80.6(max:81.95)
********************************************************************************
********************************************************************************
Train 4 Epoch4, Evaluate for atepc_datasets/laptop
APC_test_acc: 77.99(max: 77.99)  APC_test_f1: 73.97(max: 73.97)
ATE_test_f1: 81.5(max:81.95)
********************************************************************************
################################################################################
Train 4 Epoch5
################################################################################
********************************************************************************
Train 4 Epoch5, Evaluate for atepc_datasets/laptop
APC_test_acc: 74.53(max: 77.99)  APC_test_f1: 70.67(max: 73.97)
ATE_test_f1: 83.13(max:83.13)
********************************************************************************
********************************************************************************
Train 4 Epoch5, Evaluate for atepc_datasets/laptop
APC_test_acc: 75.0(max: 77.99)  APC_test_f1: 71.28(max: 73.97)
ATE_test_f1: 80.57(max:83.13)
********************************************************************************
********************************************************************************
Train 4 Epoch5, Evaluate for atepc_datasets/laptop
APC_test_acc: 74.53(max: 77.99)  APC_test_f1: 66.93(max: 73.97)
ATE_test_f1: 78.12(max:83.13)
********************************************************************************
********************************************************************************
Train 4 Epoch5, Evaluate for atepc_datasets/laptop
APC_test_acc: 77.99(max: 77.99)  APC_test_f1: 74.43(max: 74.43)
ATE_test_f1: 82.06(max:83.13)
********************************************************************************
********************************************************************************
Train 4 Epoch5, Evaluate for atepc_datasets/laptop
APC_test_acc: 77.83(max: 77.99)  APC_test_f1: 73.22(max: 74.43)
ATE_test_f1: 79.39(max:83.13)
********************************************************************************
********************************************************************************
Train 4 Epoch5, Evaluate for atepc_datasets/laptop
APC_test_acc: 79.25(max: 79.25)  APC_test_f1: 76.06(max: 76.06)
ATE_test_f1: 80.57(max:83.13)
********************************************************************************
********************************************************************************
Train 4 Epoch5, Evaluate for atepc_datasets/laptop
APC_test_acc: 76.57(max: 79.25)  APC_test_f1: 73.38(max: 76.06)
ATE_test_f1: 83.66(max:83.66)
********************************************************************************
max_ate_test_f1:83.66 max_apc_test_acc: 80.03	max_apc_test_f1: 77.27 	
No.5 training process of 5
>>> dataset: laptop
>>> output_dir: output
>>> SRD: 5
>>> learning_rate: 3e-05
>>> use_unique_bert: True
>>> use_bert_spc: False
>>> local_context_focus: fusion
>>> num_train_epochs: 5.0
>>> train_batch_size: 16
>>> dropout: 0.0
>>> max_seq_length: 80
>>> eval_batch_size: 32
>>> eval_steps: 20
>>> gradient_accumulation_steps: 1
>>> device: cuda:0
>>> seed: 5
>>> bert_model: pretrained-models/bert-base-uncased
>>> data_dir: atepc_datasets/laptop
***** Running training *****
  Num examples = 2327
  Batch size = 16
  Num steps = 725
################################################################################
Train 5 Epoch1
################################################################################
################################################################################
Train 5 Epoch2
################################################################################
################################################################################
Train 5 Epoch3
################################################################################
################################################################################
Train 5 Epoch4
################################################################################
********************************************************************************
Train 5 Epoch4, Evaluate for atepc_datasets/laptop
APC_test_acc: 77.36(max: 77.36)  APC_test_f1: 71.69(max: 71.69)
ATE_test_f1: 80.37(max:80.37)
********************************************************************************
********************************************************************************
Train 5 Epoch4, Evaluate for atepc_datasets/laptop
APC_test_acc: 75.0(max: 77.36)  APC_test_f1: 68.28(max: 71.69)
ATE_test_f1: 78.62(max:80.37)
********************************************************************************
********************************************************************************
Train 5 Epoch4, Evaluate for atepc_datasets/laptop
APC_test_acc: 77.52(max: 77.52)  APC_test_f1: 73.99(max: 73.99)
ATE_test_f1: 78.83(max:80.37)
********************************************************************************
********************************************************************************
Train 5 Epoch4, Evaluate for atepc_datasets/laptop
APC_test_acc: 74.84(max: 77.52)  APC_test_f1: 70.47(max: 73.99)
ATE_test_f1: 78.8(max:80.37)
********************************************************************************
********************************************************************************
Train 5 Epoch4, Evaluate for atepc_datasets/laptop
APC_test_acc: 76.89(max: 77.52)  APC_test_f1: 72.02(max: 73.99)
ATE_test_f1: 79.81(max:80.37)
********************************************************************************
********************************************************************************
Train 5 Epoch4, Evaluate for atepc_datasets/laptop
APC_test_acc: 75.0(max: 77.52)  APC_test_f1: 71.36(max: 73.99)
ATE_test_f1: 80.36(max:80.37)
********************************************************************************
********************************************************************************
Train 5 Epoch4, Evaluate for atepc_datasets/laptop
APC_test_acc: 76.26(max: 77.52)  APC_test_f1: 69.62(max: 73.99)
ATE_test_f1: 80.7(max:80.7)
********************************************************************************
********************************************************************************
Train 5 Epoch4, Evaluate for atepc_datasets/laptop
APC_test_acc: 76.73(max: 77.52)  APC_test_f1: 71.73(max: 73.99)
ATE_test_f1: 81.65(max:81.65)
********************************************************************************
################################################################################
Train 5 Epoch5
################################################################################
********************************************************************************
Train 5 Epoch5, Evaluate for atepc_datasets/laptop
APC_test_acc: 74.06(max: 77.52)  APC_test_f1: 70.82(max: 73.99)
ATE_test_f1: 80.85(max:81.65)
********************************************************************************
********************************************************************************
Train 5 Epoch5, Evaluate for atepc_datasets/laptop
APC_test_acc: 76.1(max: 77.52)  APC_test_f1: 71.26(max: 73.99)
ATE_test_f1: 79.74(max:81.65)
********************************************************************************
********************************************************************************
Train 5 Epoch5, Evaluate for atepc_datasets/laptop
APC_test_acc: 72.01(max: 77.52)  APC_test_f1: 62.13(max: 73.99)
ATE_test_f1: 75.57(max:81.65)
********************************************************************************
********************************************************************************
Train 5 Epoch5, Evaluate for atepc_datasets/laptop
APC_test_acc: 72.33(max: 77.52)  APC_test_f1: 69.46(max: 73.99)
ATE_test_f1: 79.8(max:81.65)
********************************************************************************
********************************************************************************
Train 5 Epoch5, Evaluate for atepc_datasets/laptop
APC_test_acc: 77.04(max: 77.52)  APC_test_f1: 72.93(max: 73.99)
ATE_test_f1: 79.61(max:81.65)
********************************************************************************
********************************************************************************
Train 5 Epoch5, Evaluate for atepc_datasets/laptop
APC_test_acc: 77.83(max: 77.83)  APC_test_f1: 74.07(max: 74.07)
ATE_test_f1: 80.27(max:81.65)
********************************************************************************
********************************************************************************
Train 5 Epoch5, Evaluate for atepc_datasets/laptop
APC_test_acc: 75.0(max: 77.83)  APC_test_f1: 72.78(max: 74.07)
ATE_test_f1: 80.11(max:81.65)
********************************************************************************
max_ate_test_f1:83.66 max_apc_test_acc: 80.03	max_apc_test_f1: 77.27 	
--------------------------------------------------------------------------------
Config 2 (totally 2 configs)
No.1 training process of 5
>>> dataset: restaurant
>>> output_dir: output
>>> SRD: 5
>>> learning_rate: 3e-05
>>> use_unique_bert: True
>>> use_bert_spc: False
>>> local_context_focus: fusion
>>> num_train_epochs: 5.0
>>> train_batch_size: 16
>>> dropout: 0.0
>>> max_seq_length: 80
>>> eval_batch_size: 32
>>> eval_steps: 20
>>> gradient_accumulation_steps: 1
>>> device: cuda:0
>>> seed: 1
>>> bert_model: pretrained-models/bert-base-uncased
>>> data_dir: atepc_datasets/restaurant
***** Running training *****
  Num examples = 3602
  Batch size = 16
  Num steps = 1125
################################################################################
Train 1 Epoch1
################################################################################
################################################################################
Train 1 Epoch2
################################################################################
################################################################################
Train 1 Epoch3
################################################################################
################################################################################
Train 1 Epoch4
################################################################################
********************************************************************************
Train 1 Epoch4, Evaluate for atepc_datasets/restaurant
APC_test_acc: 82.75(max: 82.75)  APC_test_f1: 73.45(max: 73.45)
ATE_test_f1: 84.57(max:84.57)
********************************************************************************
********************************************************************************
Train 1 Epoch4, Evaluate for atepc_datasets/restaurant
APC_test_acc: 80.61(max: 82.75)  APC_test_f1: 66.71(max: 73.45)
ATE_test_f1: 83.33(max:84.57)
********************************************************************************
********************************************************************************
Train 1 Epoch4, Evaluate for atepc_datasets/restaurant
APC_test_acc: 80.43(max: 82.75)  APC_test_f1: 70.47(max: 73.45)
ATE_test_f1: 85.12(max:85.12)
********************************************************************************
********************************************************************************
Train 1 Epoch4, Evaluate for atepc_datasets/restaurant
APC_test_acc: 82.48(max: 82.75)  APC_test_f1: 72.95(max: 73.45)
ATE_test_f1: 85.4(max:85.4)
********************************************************************************
********************************************************************************
Train 1 Epoch4, Evaluate for atepc_datasets/restaurant
APC_test_acc: 80.61(max: 82.75)  APC_test_f1: 68.66(max: 73.45)
ATE_test_f1: 83.77(max:85.4)
********************************************************************************
********************************************************************************
Train 1 Epoch4, Evaluate for atepc_datasets/restaurant
APC_test_acc: 80.16(max: 82.75)  APC_test_f1: 69.51(max: 73.45)
ATE_test_f1: 84.73(max:85.4)
********************************************************************************
********************************************************************************
Train 1 Epoch4, Evaluate for atepc_datasets/restaurant
APC_test_acc: 79.27(max: 82.75)  APC_test_f1: 62.81(max: 73.45)
ATE_test_f1: 85.81(max:85.81)
********************************************************************************
********************************************************************************
Train 1 Epoch4, Evaluate for atepc_datasets/restaurant
APC_test_acc: 82.13(max: 82.75)  APC_test_f1: 72.84(max: 73.45)
ATE_test_f1: 85.77(max:85.81)
********************************************************************************
********************************************************************************
Train 1 Epoch4, Evaluate for atepc_datasets/restaurant
APC_test_acc: 81.23(max: 82.75)  APC_test_f1: 69.67(max: 73.45)
ATE_test_f1: 83.29(max:85.81)
********************************************************************************
********************************************************************************
Train 1 Epoch4, Evaluate for atepc_datasets/restaurant
APC_test_acc: 78.64(max: 82.75)  APC_test_f1: 66.06(max: 73.45)
ATE_test_f1: 84.26(max:85.81)
********************************************************************************
********************************************************************************
Train 1 Epoch4, Evaluate for atepc_datasets/restaurant
APC_test_acc: 81.41(max: 82.75)  APC_test_f1: 70.57(max: 73.45)
ATE_test_f1: 84.19(max:85.81)
********************************************************************************
********************************************************************************
Train 1 Epoch4, Evaluate for atepc_datasets/restaurant
APC_test_acc: 83.47(max: 83.47)  APC_test_f1: 74.01(max: 74.01)
ATE_test_f1: 84.47(max:85.81)
********************************************************************************
################################################################################
Train 1 Epoch5
################################################################################
********************************************************************************
Train 1 Epoch5, Evaluate for atepc_datasets/restaurant
APC_test_acc: 81.32(max: 83.47)  APC_test_f1: 75.37(max: 75.37)
ATE_test_f1: 86.55(max:86.55)
********************************************************************************
********************************************************************************
Train 1 Epoch5, Evaluate for atepc_datasets/restaurant
APC_test_acc: 82.13(max: 83.47)  APC_test_f1: 70.37(max: 75.37)
ATE_test_f1: 84.92(max:86.55)
********************************************************************************
********************************************************************************
Train 1 Epoch5, Evaluate for atepc_datasets/restaurant
APC_test_acc: 81.5(max: 83.47)  APC_test_f1: 70.77(max: 75.37)
ATE_test_f1: 85.25(max:86.55)
********************************************************************************
********************************************************************************
Train 1 Epoch5, Evaluate for atepc_datasets/restaurant
APC_test_acc: 79.18(max: 83.47)  APC_test_f1: 68.09(max: 75.37)
ATE_test_f1: 85.91(max:86.55)
********************************************************************************
********************************************************************************
Train 1 Epoch5, Evaluate for atepc_datasets/restaurant
APC_test_acc: 81.59(max: 83.47)  APC_test_f1: 72.07(max: 75.37)
ATE_test_f1: 84.69(max:86.55)
********************************************************************************
********************************************************************************
Train 1 Epoch5, Evaluate for atepc_datasets/restaurant
APC_test_acc: 80.88(max: 83.47)  APC_test_f1: 69.57(max: 75.37)
ATE_test_f1: 85.0(max:86.55)
********************************************************************************
********************************************************************************
Train 1 Epoch5, Evaluate for atepc_datasets/restaurant
APC_test_acc: 81.77(max: 83.47)  APC_test_f1: 71.88(max: 75.37)
ATE_test_f1: 86.79(max:86.79)
********************************************************************************
********************************************************************************
Train 1 Epoch5, Evaluate for atepc_datasets/restaurant
APC_test_acc: 81.59(max: 83.47)  APC_test_f1: 71.81(max: 75.37)
ATE_test_f1: 85.42(max:86.79)
********************************************************************************
********************************************************************************
Train 1 Epoch5, Evaluate for atepc_datasets/restaurant
APC_test_acc: 80.07(max: 83.47)  APC_test_f1: 72.72(max: 75.37)
ATE_test_f1: 84.39(max:86.79)
********************************************************************************
********************************************************************************
Train 1 Epoch5, Evaluate for atepc_datasets/restaurant
APC_test_acc: 79.89(max: 83.47)  APC_test_f1: 69.18(max: 75.37)
ATE_test_f1: 85.5(max:86.79)
********************************************************************************
********************************************************************************
Train 1 Epoch5, Evaluate for atepc_datasets/restaurant
APC_test_acc: 82.75(max: 83.47)  APC_test_f1: 72.9(max: 75.37)
ATE_test_f1: 85.05(max:86.79)
********************************************************************************
max_ate_test_f1:86.79 max_apc_test_acc: 83.47	max_apc_test_f1: 75.37 	
No.2 training process of 5
>>> dataset: restaurant
>>> output_dir: output
>>> SRD: 5
>>> learning_rate: 3e-05
>>> use_unique_bert: True
>>> use_bert_spc: False
>>> local_context_focus: fusion
>>> num_train_epochs: 5.0
>>> train_batch_size: 16
>>> dropout: 0.0
>>> max_seq_length: 80
>>> eval_batch_size: 32
>>> eval_steps: 20
>>> gradient_accumulation_steps: 1
>>> device: cuda:0
>>> seed: 2
>>> bert_model: pretrained-models/bert-base-uncased
>>> data_dir: atepc_datasets/restaurant
***** Running training *****
  Num examples = 3602
  Batch size = 16
  Num steps = 1125
################################################################################
Train 2 Epoch1
################################################################################
################################################################################
Train 2 Epoch2
################################################################################
################################################################################
Train 2 Epoch3
################################################################################
################################################################################
Train 2 Epoch4
################################################################################
********************************************************************************
Train 2 Epoch4, Evaluate for atepc_datasets/restaurant
APC_test_acc: 81.68(max: 81.68)  APC_test_f1: 71.35(max: 71.35)
ATE_test_f1: 85.46(max:85.46)
********************************************************************************
********************************************************************************
Train 2 Epoch4, Evaluate for atepc_datasets/restaurant
APC_test_acc: 79.8(max: 81.68)  APC_test_f1: 63.65(max: 71.35)
ATE_test_f1: 84.86(max:85.46)
********************************************************************************
********************************************************************************
Train 2 Epoch4, Evaluate for atepc_datasets/restaurant
APC_test_acc: 81.32(max: 81.68)  APC_test_f1: 72.43(max: 72.43)
ATE_test_f1: 84.49(max:85.46)
********************************************************************************
********************************************************************************
Train 2 Epoch4, Evaluate for atepc_datasets/restaurant
APC_test_acc: 81.86(max: 81.86)  APC_test_f1: 73.41(max: 73.41)
ATE_test_f1: 85.09(max:85.46)
********************************************************************************
********************************************************************************
Train 2 Epoch4, Evaluate for atepc_datasets/restaurant
APC_test_acc: 83.56(max: 83.56)  APC_test_f1: 75.53(max: 75.53)
ATE_test_f1: 86.09(max:86.09)
********************************************************************************
********************************************************************************
Train 2 Epoch4, Evaluate for atepc_datasets/restaurant
APC_test_acc: 82.48(max: 83.56)  APC_test_f1: 72.84(max: 75.53)
ATE_test_f1: 86.52(max:86.52)
********************************************************************************
********************************************************************************
Train 2 Epoch4, Evaluate for atepc_datasets/restaurant
APC_test_acc: 81.95(max: 83.56)  APC_test_f1: 69.82(max: 75.53)
ATE_test_f1: 86.58(max:86.58)
********************************************************************************
********************************************************************************
Train 2 Epoch4, Evaluate for atepc_datasets/restaurant
APC_test_acc: 81.68(max: 83.56)  APC_test_f1: 74.04(max: 75.53)
ATE_test_f1: 85.59(max:86.58)
********************************************************************************
********************************************************************************
Train 2 Epoch4, Evaluate for atepc_datasets/restaurant
APC_test_acc: 81.86(max: 83.56)  APC_test_f1: 71.04(max: 75.53)
ATE_test_f1: 84.08(max:86.58)
********************************************************************************
********************************************************************************
Train 2 Epoch4, Evaluate for atepc_datasets/restaurant
APC_test_acc: 80.25(max: 83.56)  APC_test_f1: 68.06(max: 75.53)
ATE_test_f1: 84.33(max:86.58)
********************************************************************************
********************************************************************************
Train 2 Epoch4, Evaluate for atepc_datasets/restaurant
APC_test_acc: 77.84(max: 83.56)  APC_test_f1: 72.16(max: 75.53)
ATE_test_f1: 84.26(max:86.58)
********************************************************************************
********************************************************************************
Train 2 Epoch4, Evaluate for atepc_datasets/restaurant
APC_test_acc: 81.14(max: 83.56)  APC_test_f1: 67.4(max: 75.53)
ATE_test_f1: 84.49(max:86.58)
********************************************************************************
################################################################################
Train 2 Epoch5
################################################################################
********************************************************************************
Train 2 Epoch5, Evaluate for atepc_datasets/restaurant
APC_test_acc: 82.13(max: 83.56)  APC_test_f1: 76.48(max: 76.48)
ATE_test_f1: 84.79(max:86.58)
********************************************************************************
********************************************************************************
Train 2 Epoch5, Evaluate for atepc_datasets/restaurant
APC_test_acc: 82.13(max: 83.56)  APC_test_f1: 70.97(max: 76.48)
ATE_test_f1: 84.02(max:86.58)
********************************************************************************
********************************************************************************
Train 2 Epoch5, Evaluate for atepc_datasets/restaurant
APC_test_acc: 82.84(max: 83.56)  APC_test_f1: 74.02(max: 76.48)
ATE_test_f1: 85.11(max:86.58)
********************************************************************************
********************************************************************************
Train 2 Epoch5, Evaluate for atepc_datasets/restaurant
APC_test_acc: 82.93(max: 83.56)  APC_test_f1: 73.89(max: 76.48)
ATE_test_f1: 86.08(max:86.58)
********************************************************************************
********************************************************************************
Train 2 Epoch5, Evaluate for atepc_datasets/restaurant
APC_test_acc: 83.2(max: 83.56)  APC_test_f1: 74.52(max: 76.48)
ATE_test_f1: 84.49(max:86.58)
********************************************************************************
********************************************************************************
Train 2 Epoch5, Evaluate for atepc_datasets/restaurant
APC_test_acc: 81.32(max: 83.56)  APC_test_f1: 71.22(max: 76.48)
ATE_test_f1: 87.29(max:87.29)
********************************************************************************
********************************************************************************
Train 2 Epoch5, Evaluate for atepc_datasets/restaurant
APC_test_acc: 82.22(max: 83.56)  APC_test_f1: 72.23(max: 76.48)
ATE_test_f1: 87.15(max:87.29)
********************************************************************************
********************************************************************************
Train 2 Epoch5, Evaluate for atepc_datasets/restaurant
APC_test_acc: 83.65(max: 83.65)  APC_test_f1: 75.95(max: 76.48)
ATE_test_f1: 85.27(max:87.29)
********************************************************************************
********************************************************************************
Train 2 Epoch5, Evaluate for atepc_datasets/restaurant
APC_test_acc: 84.45(max: 84.45)  APC_test_f1: 78.58(max: 78.58)
ATE_test_f1: 83.81(max:87.29)
********************************************************************************
********************************************************************************
Train 2 Epoch5, Evaluate for atepc_datasets/restaurant
APC_test_acc: 82.22(max: 84.45)  APC_test_f1: 71.52(max: 78.58)
ATE_test_f1: 83.42(max:87.29)
********************************************************************************
********************************************************************************
Train 2 Epoch5, Evaluate for atepc_datasets/restaurant
APC_test_acc: 84.0(max: 84.45)  APC_test_f1: 76.34(max: 78.58)
ATE_test_f1: 84.7(max:87.29)
********************************************************************************
max_ate_test_f1:87.29 max_apc_test_acc: 84.45	max_apc_test_f1: 78.58 	
No.3 training process of 5
>>> dataset: restaurant
>>> output_dir: output
>>> SRD: 5
>>> learning_rate: 3e-05
>>> use_unique_bert: True
>>> use_bert_spc: False
>>> local_context_focus: fusion
>>> num_train_epochs: 5.0
>>> train_batch_size: 16
>>> dropout: 0.0
>>> max_seq_length: 80
>>> eval_batch_size: 32
>>> eval_steps: 20
>>> gradient_accumulation_steps: 1
>>> device: cuda:0
>>> seed: 3
>>> bert_model: pretrained-models/bert-base-uncased
>>> data_dir: atepc_datasets/restaurant
***** Running training *****
  Num examples = 3602
  Batch size = 16
  Num steps = 1125
################################################################################
Train 3 Epoch1
################################################################################
################################################################################
Train 3 Epoch2
################################################################################
################################################################################
Train 3 Epoch3
################################################################################
################################################################################
Train 3 Epoch4
################################################################################
********************************************************************************
Train 3 Epoch4, Evaluate for atepc_datasets/restaurant
APC_test_acc: 79.54(max: 79.54)  APC_test_f1: 68.93(max: 68.93)
ATE_test_f1: 86.51(max:86.51)
********************************************************************************
********************************************************************************
Train 3 Epoch4, Evaluate for atepc_datasets/restaurant
APC_test_acc: 79.45(max: 79.54)  APC_test_f1: 61.06(max: 68.93)
ATE_test_f1: 84.53(max:86.51)
********************************************************************************
********************************************************************************
Train 3 Epoch4, Evaluate for atepc_datasets/restaurant
APC_test_acc: 82.22(max: 82.22)  APC_test_f1: 73.86(max: 73.86)
ATE_test_f1: 84.93(max:86.51)
********************************************************************************
********************************************************************************
Train 3 Epoch4, Evaluate for atepc_datasets/restaurant
APC_test_acc: 83.74(max: 83.74)  APC_test_f1: 76.13(max: 76.13)
ATE_test_f1: 87.51(max:87.51)
********************************************************************************
********************************************************************************
Train 3 Epoch4, Evaluate for atepc_datasets/restaurant
APC_test_acc: 82.84(max: 83.74)  APC_test_f1: 75.53(max: 76.13)
ATE_test_f1: 87.2(max:87.51)
********************************************************************************
********************************************************************************
Train 3 Epoch4, Evaluate for atepc_datasets/restaurant
APC_test_acc: 81.32(max: 83.74)  APC_test_f1: 69.05(max: 76.13)
ATE_test_f1: 85.66(max:87.51)
********************************************************************************
********************************************************************************
Train 3 Epoch4, Evaluate for atepc_datasets/restaurant
APC_test_acc: 80.79(max: 83.74)  APC_test_f1: 66.18(max: 76.13)
ATE_test_f1: 87.96(max:87.96)
********************************************************************************
********************************************************************************
Train 3 Epoch4, Evaluate for atepc_datasets/restaurant
APC_test_acc: 82.39(max: 83.74)  APC_test_f1: 74.4(max: 76.13)
ATE_test_f1: 87.51(max:87.96)
********************************************************************************
********************************************************************************
Train 3 Epoch4, Evaluate for atepc_datasets/restaurant
APC_test_acc: 80.43(max: 83.74)  APC_test_f1: 66.86(max: 76.13)
ATE_test_f1: 82.76(max:87.96)
********************************************************************************
********************************************************************************
Train 3 Epoch4, Evaluate for atepc_datasets/restaurant
APC_test_acc: 80.43(max: 83.74)  APC_test_f1: 69.94(max: 76.13)
ATE_test_f1: 84.56(max:87.96)
********************************************************************************
********************************************************************************
Train 3 Epoch4, Evaluate for atepc_datasets/restaurant
APC_test_acc: 82.75(max: 83.74)  APC_test_f1: 74.46(max: 76.13)
ATE_test_f1: 84.48(max:87.96)
********************************************************************************
********************************************************************************
Train 3 Epoch4, Evaluate for atepc_datasets/restaurant
APC_test_acc: 82.39(max: 83.74)  APC_test_f1: 70.84(max: 76.13)
ATE_test_f1: 85.16(max:87.96)
********************************************************************************
################################################################################
Train 3 Epoch5
################################################################################
********************************************************************************
Train 3 Epoch5, Evaluate for atepc_datasets/restaurant
APC_test_acc: 82.93(max: 83.74)  APC_test_f1: 76.21(max: 76.21)
ATE_test_f1: 85.99(max:87.96)
********************************************************************************
********************************************************************************
Train 3 Epoch5, Evaluate for atepc_datasets/restaurant
APC_test_acc: 80.34(max: 83.74)  APC_test_f1: 73.88(max: 76.21)
ATE_test_f1: 84.76(max:87.96)
********************************************************************************
********************************************************************************
Train 3 Epoch5, Evaluate for atepc_datasets/restaurant
APC_test_acc: 82.75(max: 83.74)  APC_test_f1: 72.73(max: 76.21)
ATE_test_f1: 86.49(max:87.96)
********************************************************************************
********************************************************************************
Train 3 Epoch5, Evaluate for atepc_datasets/restaurant
APC_test_acc: 85.25(max: 85.25)  APC_test_f1: 78.76(max: 78.76)
ATE_test_f1: 87.24(max:87.96)
********************************************************************************
********************************************************************************
Train 3 Epoch5, Evaluate for atepc_datasets/restaurant
APC_test_acc: 83.56(max: 85.25)  APC_test_f1: 77.33(max: 78.76)
ATE_test_f1: 85.1(max:87.96)
********************************************************************************
********************************************************************************
Train 3 Epoch5, Evaluate for atepc_datasets/restaurant
APC_test_acc: 82.66(max: 85.25)  APC_test_f1: 71.38(max: 78.76)
ATE_test_f1: 87.89(max:87.96)
********************************************************************************
********************************************************************************
Train 3 Epoch5, Evaluate for atepc_datasets/restaurant
APC_test_acc: 83.91(max: 85.25)  APC_test_f1: 75.32(max: 78.76)
ATE_test_f1: 88.21(max:88.21)
********************************************************************************
********************************************************************************
Train 3 Epoch5, Evaluate for atepc_datasets/restaurant
APC_test_acc: 83.02(max: 85.25)  APC_test_f1: 72.61(max: 78.76)
ATE_test_f1: 87.97(max:88.21)
********************************************************************************
********************************************************************************
Train 3 Epoch5, Evaluate for atepc_datasets/restaurant
APC_test_acc: 82.84(max: 85.25)  APC_test_f1: 73.78(max: 78.76)
ATE_test_f1: 84.08(max:88.21)
********************************************************************************
********************************************************************************
Train 3 Epoch5, Evaluate for atepc_datasets/restaurant
APC_test_acc: 82.39(max: 85.25)  APC_test_f1: 73.34(max: 78.76)
ATE_test_f1: 84.19(max:88.21)
********************************************************************************
********************************************************************************
Train 3 Epoch5, Evaluate for atepc_datasets/restaurant
APC_test_acc: 83.82(max: 85.25)  APC_test_f1: 75.31(max: 78.76)
ATE_test_f1: 85.1(max:88.21)
********************************************************************************
max_ate_test_f1:88.21 max_apc_test_acc: 85.25	max_apc_test_f1: 78.76 	
No.4 training process of 5
>>> dataset: restaurant
>>> output_dir: output
>>> SRD: 5
>>> learning_rate: 3e-05
>>> use_unique_bert: True
>>> use_bert_spc: False
>>> local_context_focus: fusion
>>> num_train_epochs: 5.0
>>> train_batch_size: 16
>>> dropout: 0.0
>>> max_seq_length: 80
>>> eval_batch_size: 32
>>> eval_steps: 20
>>> gradient_accumulation_steps: 1
>>> device: cuda:0
>>> seed: 4
>>> bert_model: pretrained-models/bert-base-uncased
>>> data_dir: atepc_datasets/restaurant
***** Running training *****
  Num examples = 3602
  Batch size = 16
  Num steps = 1125
################################################################################
Train 4 Epoch1
################################################################################
################################################################################
Train 4 Epoch2
################################################################################
################################################################################
Train 4 Epoch3
################################################################################
################################################################################
Train 4 Epoch4
################################################################################
********************************************************************************
Train 4 Epoch4, Evaluate for atepc_datasets/restaurant
APC_test_acc: 83.38(max: 83.38)  APC_test_f1: 75.26(max: 75.26)
ATE_test_f1: 86.18(max:86.18)
********************************************************************************
********************************************************************************
Train 4 Epoch4, Evaluate for atepc_datasets/restaurant
APC_test_acc: 81.41(max: 83.38)  APC_test_f1: 68.74(max: 75.26)
ATE_test_f1: 85.46(max:86.18)
********************************************************************************
********************************************************************************
Train 4 Epoch4, Evaluate for atepc_datasets/restaurant
APC_test_acc: 82.93(max: 83.38)  APC_test_f1: 73.03(max: 75.26)
ATE_test_f1: 84.52(max:86.18)
********************************************************************************
********************************************************************************
Train 4 Epoch4, Evaluate for atepc_datasets/restaurant
APC_test_acc: 84.63(max: 84.63)  APC_test_f1: 77.67(max: 77.67)
ATE_test_f1: 86.61(max:86.61)
********************************************************************************
********************************************************************************
Train 4 Epoch4, Evaluate for atepc_datasets/restaurant
APC_test_acc: 81.05(max: 84.63)  APC_test_f1: 68.87(max: 77.67)
ATE_test_f1: 84.78(max:86.61)
********************************************************************************
********************************************************************************
Train 4 Epoch4, Evaluate for atepc_datasets/restaurant
APC_test_acc: 81.5(max: 84.63)  APC_test_f1: 70.52(max: 77.67)
ATE_test_f1: 86.45(max:86.61)
********************************************************************************
********************************************************************************
Train 4 Epoch4, Evaluate for atepc_datasets/restaurant
APC_test_acc: 81.32(max: 84.63)  APC_test_f1: 68.63(max: 77.67)
ATE_test_f1: 87.57(max:87.57)
********************************************************************************
********************************************************************************
Train 4 Epoch4, Evaluate for atepc_datasets/restaurant
APC_test_acc: 82.13(max: 84.63)  APC_test_f1: 74.28(max: 77.67)
ATE_test_f1: 87.67(max:87.67)
********************************************************************************
********************************************************************************
Train 4 Epoch4, Evaluate for atepc_datasets/restaurant
APC_test_acc: 82.13(max: 84.63)  APC_test_f1: 71.26(max: 77.67)
ATE_test_f1: 84.98(max:87.67)
********************************************************************************
********************************************************************************
Train 4 Epoch4, Evaluate for atepc_datasets/restaurant
APC_test_acc: 83.56(max: 84.63)  APC_test_f1: 74.87(max: 77.67)
ATE_test_f1: 85.47(max:87.67)
********************************************************************************
********************************************************************************
Train 4 Epoch4, Evaluate for atepc_datasets/restaurant
APC_test_acc: 80.07(max: 84.63)  APC_test_f1: 73.93(max: 77.67)
ATE_test_f1: 85.62(max:87.67)
********************************************************************************
********************************************************************************
Train 4 Epoch4, Evaluate for atepc_datasets/restaurant
APC_test_acc: 82.31(max: 84.63)  APC_test_f1: 69.96(max: 77.67)
ATE_test_f1: 85.82(max:87.67)
********************************************************************************
################################################################################
Train 4 Epoch5
################################################################################
********************************************************************************
Train 4 Epoch5, Evaluate for atepc_datasets/restaurant
APC_test_acc: 81.59(max: 84.63)  APC_test_f1: 75.19(max: 77.67)
ATE_test_f1: 86.16(max:87.67)
********************************************************************************
********************************************************************************
Train 4 Epoch5, Evaluate for atepc_datasets/restaurant
APC_test_acc: 82.13(max: 84.63)  APC_test_f1: 75.21(max: 77.67)
ATE_test_f1: 82.46(max:87.67)
********************************************************************************
********************************************************************************
Train 4 Epoch5, Evaluate for atepc_datasets/restaurant
APC_test_acc: 81.41(max: 84.63)  APC_test_f1: 68.93(max: 77.67)
ATE_test_f1: 83.82(max:87.67)
********************************************************************************
********************************************************************************
Train 4 Epoch5, Evaluate for atepc_datasets/restaurant
APC_test_acc: 80.97(max: 84.63)  APC_test_f1: 69.73(max: 77.67)
ATE_test_f1: 85.01(max:87.67)
********************************************************************************
********************************************************************************
Train 4 Epoch5, Evaluate for atepc_datasets/restaurant
APC_test_acc: 81.5(max: 84.63)  APC_test_f1: 71.76(max: 77.67)
ATE_test_f1: 85.5(max:87.67)
********************************************************************************
********************************************************************************
Train 4 Epoch5, Evaluate for atepc_datasets/restaurant
APC_test_acc: 80.61(max: 84.63)  APC_test_f1: 68.35(max: 77.67)
ATE_test_f1: 88.03(max:88.03)
********************************************************************************
********************************************************************************
Train 4 Epoch5, Evaluate for atepc_datasets/restaurant
APC_test_acc: 82.39(max: 84.63)  APC_test_f1: 72.6(max: 77.67)
ATE_test_f1: 87.64(max:88.03)
********************************************************************************
********************************************************************************
Train 4 Epoch5, Evaluate for atepc_datasets/restaurant
APC_test_acc: 82.31(max: 84.63)  APC_test_f1: 72.33(max: 77.67)
ATE_test_f1: 86.49(max:88.03)
********************************************************************************
********************************************************************************
Train 4 Epoch5, Evaluate for atepc_datasets/restaurant
APC_test_acc: 81.77(max: 84.63)  APC_test_f1: 73.81(max: 77.67)
ATE_test_f1: 84.78(max:88.03)
********************************************************************************
********************************************************************************
Train 4 Epoch5, Evaluate for atepc_datasets/restaurant
APC_test_acc: 82.22(max: 84.63)  APC_test_f1: 70.83(max: 77.67)
ATE_test_f1: 84.83(max:88.03)
********************************************************************************
********************************************************************************
Train 4 Epoch5, Evaluate for atepc_datasets/restaurant
APC_test_acc: 80.52(max: 84.63)  APC_test_f1: 73.7(max: 77.67)
ATE_test_f1: 84.45(max:88.03)
********************************************************************************
max_ate_test_f1:88.21 max_apc_test_acc: 85.25	max_apc_test_f1: 78.76 	
No.5 training process of 5
>>> dataset: restaurant
>>> output_dir: output
>>> SRD: 5
>>> learning_rate: 3e-05
>>> use_unique_bert: True
>>> use_bert_spc: False
>>> local_context_focus: fusion
>>> num_train_epochs: 5.0
>>> train_batch_size: 16
>>> dropout: 0.0
>>> max_seq_length: 80
>>> eval_batch_size: 32
>>> eval_steps: 20
>>> gradient_accumulation_steps: 1
>>> device: cuda:0
>>> seed: 5
>>> bert_model: pretrained-models/bert-base-uncased
>>> data_dir: atepc_datasets/restaurant
***** Running training *****
  Num examples = 3602
  Batch size = 16
  Num steps = 1125
################################################################################
Train 5 Epoch1
################################################################################
################################################################################
Train 5 Epoch2
################################################################################
################################################################################
Train 5 Epoch3
################################################################################
################################################################################
Train 5 Epoch4
################################################################################
********************************************************************************
Train 5 Epoch4, Evaluate for atepc_datasets/restaurant
APC_test_acc: 80.97(max: 80.97)  APC_test_f1: 70.94(max: 70.94)
ATE_test_f1: 87.47(max:87.47)
********************************************************************************
********************************************************************************
Train 5 Epoch4, Evaluate for atepc_datasets/restaurant
APC_test_acc: 80.88(max: 80.97)  APC_test_f1: 65.91(max: 70.94)
ATE_test_f1: 85.65(max:87.47)
********************************************************************************
********************************************************************************
Train 5 Epoch4, Evaluate for atepc_datasets/restaurant
APC_test_acc: 82.39(max: 82.39)  APC_test_f1: 74.53(max: 74.53)
ATE_test_f1: 85.52(max:87.47)
********************************************************************************
********************************************************************************
Train 5 Epoch4, Evaluate for atepc_datasets/restaurant
APC_test_acc: 82.93(max: 82.93)  APC_test_f1: 75.48(max: 75.48)
ATE_test_f1: 86.95(max:87.47)
********************************************************************************
********************************************************************************
Train 5 Epoch4, Evaluate for atepc_datasets/restaurant
APC_test_acc: 82.13(max: 82.93)  APC_test_f1: 72.02(max: 75.48)
ATE_test_f1: 84.91(max:87.47)
********************************************************************************
********************************************************************************
Train 5 Epoch4, Evaluate for atepc_datasets/restaurant
APC_test_acc: 82.39(max: 82.93)  APC_test_f1: 71.61(max: 75.48)
ATE_test_f1: 86.04(max:87.47)
********************************************************************************
********************************************************************************
Train 5 Epoch4, Evaluate for atepc_datasets/restaurant
APC_test_acc: 82.93(max: 82.93)  APC_test_f1: 73.81(max: 75.48)
ATE_test_f1: 86.01(max:87.47)
********************************************************************************
********************************************************************************
Train 5 Epoch4, Evaluate for atepc_datasets/restaurant
APC_test_acc: 83.74(max: 83.74)  APC_test_f1: 75.97(max: 75.97)
ATE_test_f1: 86.06(max:87.47)
********************************************************************************
********************************************************************************
Train 5 Epoch4, Evaluate for atepc_datasets/restaurant
APC_test_acc: 83.11(max: 83.74)  APC_test_f1: 73.21(max: 75.97)
ATE_test_f1: 85.49(max:87.47)
********************************************************************************
********************************************************************************
Train 5 Epoch4, Evaluate for atepc_datasets/restaurant
APC_test_acc: 81.86(max: 83.74)  APC_test_f1: 71.12(max: 75.97)
ATE_test_f1: 85.36(max:87.47)
********************************************************************************
********************************************************************************
Train 5 Epoch4, Evaluate for atepc_datasets/restaurant
APC_test_acc: 82.31(max: 83.74)  APC_test_f1: 75.56(max: 75.97)
ATE_test_f1: 86.79(max:87.47)
********************************************************************************
********************************************************************************
Train 5 Epoch4, Evaluate for atepc_datasets/restaurant
APC_test_acc: 81.77(max: 83.74)  APC_test_f1: 68.41(max: 75.97)
ATE_test_f1: 84.36(max:87.47)
********************************************************************************
################################################################################
Train 5 Epoch5
################################################################################
********************************************************************************
Train 5 Epoch5, Evaluate for atepc_datasets/restaurant
APC_test_acc: 83.74(max: 83.74)  APC_test_f1: 75.91(max: 75.97)
ATE_test_f1: 87.64(max:87.64)
********************************************************************************
********************************************************************************
Train 5 Epoch5, Evaluate for atepc_datasets/restaurant
APC_test_acc: 82.84(max: 83.74)  APC_test_f1: 75.86(max: 75.97)
ATE_test_f1: 85.86(max:87.64)
********************************************************************************
********************************************************************************
Train 5 Epoch5, Evaluate for atepc_datasets/restaurant
APC_test_acc: 82.39(max: 83.74)  APC_test_f1: 72.14(max: 75.97)
ATE_test_f1: 86.47(max:87.64)
********************************************************************************
********************************************************************************
Train 5 Epoch5, Evaluate for atepc_datasets/restaurant
APC_test_acc: 83.11(max: 83.74)  APC_test_f1: 74.92(max: 75.97)
ATE_test_f1: 86.01(max:87.64)
********************************************************************************
********************************************************************************
Train 5 Epoch5, Evaluate for atepc_datasets/restaurant
APC_test_acc: 82.22(max: 83.74)  APC_test_f1: 74.51(max: 75.97)
ATE_test_f1: 85.0(max:87.64)
********************************************************************************
********************************************************************************
Train 5 Epoch5, Evaluate for atepc_datasets/restaurant
APC_test_acc: 83.2(max: 83.74)  APC_test_f1: 72.97(max: 75.97)
ATE_test_f1: 87.8(max:87.8)
********************************************************************************
********************************************************************************
Train 5 Epoch5, Evaluate for atepc_datasets/restaurant
APC_test_acc: 83.91(max: 83.91)  APC_test_f1: 76.05(max: 76.05)
ATE_test_f1: 87.87(max:87.87)
********************************************************************************
********************************************************************************
Train 5 Epoch5, Evaluate for atepc_datasets/restaurant
APC_test_acc: 82.22(max: 83.91)  APC_test_f1: 71.31(max: 76.05)
ATE_test_f1: 86.87(max:87.87)
********************************************************************************
********************************************************************************
Train 5 Epoch5, Evaluate for atepc_datasets/restaurant
APC_test_acc: 82.84(max: 83.91)  APC_test_f1: 75.07(max: 76.05)
ATE_test_f1: 85.43(max:87.87)
********************************************************************************
********************************************************************************
Train 5 Epoch5, Evaluate for atepc_datasets/restaurant
APC_test_acc: 82.39(max: 83.91)  APC_test_f1: 71.39(max: 76.05)
ATE_test_f1: 84.92(max:87.87)
********************************************************************************
********************************************************************************
Train 5 Epoch5, Evaluate for atepc_datasets/restaurant
APC_test_acc: 84.0(max: 84.0)  APC_test_f1: 76.46(max: 76.46)
ATE_test_f1: 84.75(max:87.87)
********************************************************************************
max_ate_test_f1:88.21 max_apc_test_acc: 85.25	max_apc_test_f1: 78.76 	
