log file: logs/230327-173034.log
--------------------------------------------------------------------------------
Config 1 (totally 4 configs)
No.1 training process of 5
>>> dataset: phone
>>> output_dir: output
>>> SRD: 5
>>> learning_rate: 3e-05
>>> use_unique_bert: True
>>> use_bert_spc: False
>>> local_context_focus: cdm
>>> num_train_epochs: 5.0
>>> train_batch_size: 16
>>> dropout: 0.0
>>> max_seq_length: 80
>>> eval_batch_size: 32
>>> eval_steps: 20
>>> gradient_accumulation_steps: 1
>>> device: cuda:0
>>> seed: 1
>>> bert_model: pretrained-models/bert-base-chinese
>>> data_dir: atepc_datasets/phone
***** Running training *****
  Num examples = 1988
  Batch size = 16
  Num steps = 620
################################################################################
Train 1 Epoch1
################################################################################
################################################################################
Train 1 Epoch2
################################################################################
################################################################################
Train 1 Epoch3
################################################################################
################################################################################
Train 1 Epoch4
################################################################################
********************************************************************************
Train 1 Epoch4, Evaluate for atepc_datasets/phone
APC_test_acc: 94.97(max: 94.97)  APC_test_f1: 94.25(max: 94.25)
ATE_test_f1: 88.18(max:88.18)
********************************************************************************
********************************************************************************
Train 1 Epoch4, Evaluate for atepc_datasets/phone
APC_test_acc: 95.98(max: 95.98)  APC_test_f1: 95.3(max: 95.3)
ATE_test_f1: 86.75(max:88.18)
********************************************************************************
********************************************************************************
Train 1 Epoch4, Evaluate for atepc_datasets/phone
APC_test_acc: 95.57(max: 95.98)  APC_test_f1: 94.9(max: 95.3)
ATE_test_f1: 87.73(max:88.18)
********************************************************************************
********************************************************************************
Train 1 Epoch4, Evaluate for atepc_datasets/phone
APC_test_acc: 95.98(max: 95.98)  APC_test_f1: 95.31(max: 95.31)
ATE_test_f1: 78.46(max:88.18)
********************************************************************************
********************************************************************************
Train 1 Epoch4, Evaluate for atepc_datasets/phone
APC_test_acc: 96.38(max: 96.38)  APC_test_f1: 95.75(max: 95.75)
ATE_test_f1: 87.14(max:88.18)
********************************************************************************
********************************************************************************
Train 1 Epoch4, Evaluate for atepc_datasets/phone
APC_test_acc: 96.38(max: 96.38)  APC_test_f1: 95.75(max: 95.75)
ATE_test_f1: 87.27(max:88.18)
********************************************************************************
********************************************************************************
Train 1 Epoch4, Evaluate for atepc_datasets/phone
APC_test_acc: 96.38(max: 96.38)  APC_test_f1: 95.75(max: 95.75)
ATE_test_f1: 88.82(max:88.82)
********************************************************************************
################################################################################
Train 1 Epoch5
################################################################################
********************************************************************************
Train 1 Epoch5, Evaluate for atepc_datasets/phone
APC_test_acc: 95.98(max: 96.38)  APC_test_f1: 95.3(max: 95.75)
ATE_test_f1: 88.47(max:88.82)
********************************************************************************
********************************************************************************
Train 1 Epoch5, Evaluate for atepc_datasets/phone
APC_test_acc: 95.77(max: 96.38)  APC_test_f1: 95.03(max: 95.75)
ATE_test_f1: 88.05(max:88.82)
********************************************************************************
********************************************************************************
Train 1 Epoch5, Evaluate for atepc_datasets/phone
APC_test_acc: 95.37(max: 96.38)  APC_test_f1: 94.6(max: 95.75)
ATE_test_f1: 88.78(max:88.82)
********************************************************************************
********************************************************************************
Train 1 Epoch5, Evaluate for atepc_datasets/phone
APC_test_acc: 94.97(max: 96.38)  APC_test_f1: 94.09(max: 95.75)
ATE_test_f1: 87.89(max:88.82)
********************************************************************************
********************************************************************************
Train 1 Epoch5, Evaluate for atepc_datasets/phone
APC_test_acc: 96.58(max: 96.58)  APC_test_f1: 96.01(max: 96.01)
ATE_test_f1: 89.26(max:89.26)
********************************************************************************
********************************************************************************
Train 1 Epoch5, Evaluate for atepc_datasets/phone
APC_test_acc: 95.98(max: 96.58)  APC_test_f1: 95.3(max: 96.01)
ATE_test_f1: 90.06(max:90.06)
********************************************************************************
max_ate_test_f1:90.06 max_apc_test_acc: 96.58	max_apc_test_f1: 96.01 	
No.2 training process of 5
>>> dataset: phone
>>> output_dir: output
>>> SRD: 5
>>> learning_rate: 3e-05
>>> use_unique_bert: True
>>> use_bert_spc: False
>>> local_context_focus: cdm
>>> num_train_epochs: 5.0
>>> train_batch_size: 16
>>> dropout: 0.0
>>> max_seq_length: 80
>>> eval_batch_size: 32
>>> eval_steps: 20
>>> gradient_accumulation_steps: 1
>>> device: cuda:0
>>> seed: 2
>>> bert_model: pretrained-models/bert-base-chinese
>>> data_dir: atepc_datasets/phone
***** Running training *****
  Num examples = 1988
  Batch size = 16
  Num steps = 620
################################################################################
Train 2 Epoch1
################################################################################
################################################################################
Train 2 Epoch2
################################################################################
################################################################################
Train 2 Epoch3
################################################################################
################################################################################
Train 2 Epoch4
################################################################################
********************************************************************************
Train 2 Epoch4, Evaluate for atepc_datasets/phone
APC_test_acc: 95.57(max: 95.57)  APC_test_f1: 94.69(max: 94.69)
ATE_test_f1: 87.27(max:87.27)
********************************************************************************
********************************************************************************
Train 2 Epoch4, Evaluate for atepc_datasets/phone
APC_test_acc: 95.98(max: 95.98)  APC_test_f1: 95.3(max: 95.3)
ATE_test_f1: 86.6(max:87.27)
********************************************************************************
********************************************************************************
Train 2 Epoch4, Evaluate for atepc_datasets/phone
APC_test_acc: 95.17(max: 95.98)  APC_test_f1: 94.33(max: 95.3)
ATE_test_f1: 85.66(max:87.27)
********************************************************************************
********************************************************************************
Train 2 Epoch4, Evaluate for atepc_datasets/phone
APC_test_acc: 95.37(max: 95.98)  APC_test_f1: 94.6(max: 95.3)
ATE_test_f1: 81.64(max:87.27)
********************************************************************************
********************************************************************************
Train 2 Epoch4, Evaluate for atepc_datasets/phone
APC_test_acc: 96.58(max: 96.58)  APC_test_f1: 96.05(max: 96.05)
ATE_test_f1: 87.55(max:87.55)
********************************************************************************
********************************************************************************
Train 2 Epoch4, Evaluate for atepc_datasets/phone
APC_test_acc: 96.58(max: 96.58)  APC_test_f1: 96.02(max: 96.05)
ATE_test_f1: 86.97(max:87.55)
********************************************************************************
********************************************************************************
Train 2 Epoch4, Evaluate for atepc_datasets/phone
APC_test_acc: 96.58(max: 96.58)  APC_test_f1: 95.98(max: 96.05)
ATE_test_f1: 86.44(max:87.55)
********************************************************************************
################################################################################
Train 2 Epoch5
################################################################################
********************************************************************************
Train 2 Epoch5, Evaluate for atepc_datasets/phone
APC_test_acc: 95.98(max: 96.58)  APC_test_f1: 95.31(max: 96.05)
ATE_test_f1: 87.1(max:87.55)
********************************************************************************
********************************************************************************
Train 2 Epoch5, Evaluate for atepc_datasets/phone
APC_test_acc: 95.98(max: 96.58)  APC_test_f1: 95.28(max: 96.05)
ATE_test_f1: 87.33(max:87.55)
********************************************************************************
********************************************************************************
Train 2 Epoch5, Evaluate for atepc_datasets/phone
APC_test_acc: 95.37(max: 96.58)  APC_test_f1: 94.67(max: 96.05)
ATE_test_f1: 87.84(max:87.84)
********************************************************************************
********************************************************************************
Train 2 Epoch5, Evaluate for atepc_datasets/phone
APC_test_acc: 95.77(max: 96.58)  APC_test_f1: 94.98(max: 96.05)
ATE_test_f1: 87.85(max:87.85)
********************************************************************************
********************************************************************************
Train 2 Epoch5, Evaluate for atepc_datasets/phone
APC_test_acc: 95.77(max: 96.58)  APC_test_f1: 95.0(max: 96.05)
ATE_test_f1: 87.99(max:87.99)
********************************************************************************
********************************************************************************
Train 2 Epoch5, Evaluate for atepc_datasets/phone
APC_test_acc: 95.77(max: 96.58)  APC_test_f1: 95.07(max: 96.05)
ATE_test_f1: 86.58(max:87.99)
********************************************************************************
max_ate_test_f1:90.06 max_apc_test_acc: 96.58	max_apc_test_f1: 96.05 	
No.3 training process of 5
>>> dataset: phone
>>> output_dir: output
>>> SRD: 5
>>> learning_rate: 3e-05
>>> use_unique_bert: True
>>> use_bert_spc: False
>>> local_context_focus: cdm
>>> num_train_epochs: 5.0
>>> train_batch_size: 16
>>> dropout: 0.0
>>> max_seq_length: 80
>>> eval_batch_size: 32
>>> eval_steps: 20
>>> gradient_accumulation_steps: 1
>>> device: cuda:0
>>> seed: 3
>>> bert_model: pretrained-models/bert-base-chinese
>>> data_dir: atepc_datasets/phone
***** Running training *****
  Num examples = 1988
  Batch size = 16
  Num steps = 620
################################################################################
Train 3 Epoch1
################################################################################
################################################################################
Train 3 Epoch2
################################################################################
################################################################################
Train 3 Epoch3
################################################################################
################################################################################
Train 3 Epoch4
################################################################################
********************************************************************************
Train 3 Epoch4, Evaluate for atepc_datasets/phone
APC_test_acc: 96.18(max: 96.18)  APC_test_f1: 95.52(max: 95.52)
ATE_test_f1: 86.22(max:86.22)
********************************************************************************
********************************************************************************
Train 3 Epoch4, Evaluate for atepc_datasets/phone
APC_test_acc: 95.17(max: 96.18)  APC_test_f1: 94.51(max: 95.52)
ATE_test_f1: 86.13(max:86.22)
********************************************************************************
********************************************************************************
Train 3 Epoch4, Evaluate for atepc_datasets/phone
APC_test_acc: 96.38(max: 96.38)  APC_test_f1: 95.69(max: 95.69)
ATE_test_f1: 86.67(max:86.67)
********************************************************************************
********************************************************************************
Train 3 Epoch4, Evaluate for atepc_datasets/phone
APC_test_acc: 95.17(max: 96.38)  APC_test_f1: 94.43(max: 95.69)
ATE_test_f1: 85.46(max:86.67)
********************************************************************************
********************************************************************************
Train 3 Epoch4, Evaluate for atepc_datasets/phone
APC_test_acc: 97.18(max: 97.18)  APC_test_f1: 96.72(max: 96.72)
ATE_test_f1: 85.58(max:86.67)
********************************************************************************
********************************************************************************
Train 3 Epoch4, Evaluate for atepc_datasets/phone
APC_test_acc: 96.78(max: 97.18)  APC_test_f1: 96.25(max: 96.72)
ATE_test_f1: 84.23(max:86.67)
********************************************************************************
********************************************************************************
Train 3 Epoch4, Evaluate for atepc_datasets/phone
APC_test_acc: 96.38(max: 97.18)  APC_test_f1: 95.78(max: 96.72)
ATE_test_f1: 83.95(max:86.67)
********************************************************************************
################################################################################
Train 3 Epoch5
################################################################################
********************************************************************************
Train 3 Epoch5, Evaluate for atepc_datasets/phone
APC_test_acc: 95.57(max: 97.18)  APC_test_f1: 94.84(max: 96.72)
ATE_test_f1: 85.22(max:86.67)
********************************************************************************
********************************************************************************
Train 3 Epoch5, Evaluate for atepc_datasets/phone
APC_test_acc: 95.77(max: 97.18)  APC_test_f1: 95.09(max: 96.72)
ATE_test_f1: 86.16(max:86.67)
********************************************************************************
********************************************************************************
Train 3 Epoch5, Evaluate for atepc_datasets/phone
APC_test_acc: 95.77(max: 97.18)  APC_test_f1: 95.07(max: 96.72)
ATE_test_f1: 86.27(max:86.67)
********************************************************************************
********************************************************************************
Train 3 Epoch5, Evaluate for atepc_datasets/phone
APC_test_acc: 96.18(max: 97.18)  APC_test_f1: 95.51(max: 96.72)
ATE_test_f1: 86.3(max:86.67)
********************************************************************************
********************************************************************************
Train 3 Epoch5, Evaluate for atepc_datasets/phone
APC_test_acc: 95.77(max: 97.18)  APC_test_f1: 95.15(max: 96.72)
ATE_test_f1: 85.29(max:86.67)
********************************************************************************
********************************************************************************
Train 3 Epoch5, Evaluate for atepc_datasets/phone
APC_test_acc: 95.98(max: 97.18)  APC_test_f1: 95.23(max: 96.72)
ATE_test_f1: 89.02(max:89.02)
********************************************************************************
max_ate_test_f1:90.06 max_apc_test_acc: 97.18	max_apc_test_f1: 96.72 	
No.4 training process of 5
>>> dataset: phone
>>> output_dir: output
>>> SRD: 5
>>> learning_rate: 3e-05
>>> use_unique_bert: True
>>> use_bert_spc: False
>>> local_context_focus: cdm
>>> num_train_epochs: 5.0
>>> train_batch_size: 16
>>> dropout: 0.0
>>> max_seq_length: 80
>>> eval_batch_size: 32
>>> eval_steps: 20
>>> gradient_accumulation_steps: 1
>>> device: cuda:0
>>> seed: 4
>>> bert_model: pretrained-models/bert-base-chinese
>>> data_dir: atepc_datasets/phone
***** Running training *****
  Num examples = 1988
  Batch size = 16
  Num steps = 620
################################################################################
Train 4 Epoch1
################################################################################
################################################################################
Train 4 Epoch2
################################################################################
################################################################################
Train 4 Epoch3
################################################################################
################################################################################
Train 4 Epoch4
################################################################################
********************************************************************************
Train 4 Epoch4, Evaluate for atepc_datasets/phone
APC_test_acc: 95.77(max: 95.77)  APC_test_f1: 95.09(max: 95.09)
ATE_test_f1: 87.99(max:87.99)
********************************************************************************
********************************************************************************
Train 4 Epoch4, Evaluate for atepc_datasets/phone
APC_test_acc: 95.98(max: 95.98)  APC_test_f1: 95.23(max: 95.23)
ATE_test_f1: 86.16(max:87.99)
********************************************************************************
********************************************************************************
Train 4 Epoch4, Evaluate for atepc_datasets/phone
APC_test_acc: 95.77(max: 95.98)  APC_test_f1: 95.14(max: 95.23)
ATE_test_f1: 85.88(max:87.99)
********************************************************************************
********************************************************************************
Train 4 Epoch4, Evaluate for atepc_datasets/phone
APC_test_acc: 95.57(max: 95.98)  APC_test_f1: 94.86(max: 95.23)
ATE_test_f1: 83.98(max:87.99)
********************************************************************************
********************************************************************************
Train 4 Epoch4, Evaluate for atepc_datasets/phone
APC_test_acc: 96.58(max: 96.58)  APC_test_f1: 95.98(max: 95.98)
ATE_test_f1: 87.51(max:87.99)
********************************************************************************
********************************************************************************
Train 4 Epoch4, Evaluate for atepc_datasets/phone
APC_test_acc: 95.77(max: 96.58)  APC_test_f1: 95.09(max: 95.98)
ATE_test_f1: 87.65(max:87.99)
********************************************************************************
********************************************************************************
Train 4 Epoch4, Evaluate for atepc_datasets/phone
APC_test_acc: 96.38(max: 96.58)  APC_test_f1: 95.7(max: 95.98)
ATE_test_f1: 87.37(max:87.99)
********************************************************************************
################################################################################
Train 4 Epoch5
################################################################################
********************************************************************************
Train 4 Epoch5, Evaluate for atepc_datasets/phone
APC_test_acc: 95.77(max: 96.58)  APC_test_f1: 95.05(max: 95.98)
ATE_test_f1: 88.21(max:88.21)
********************************************************************************
********************************************************************************
Train 4 Epoch5, Evaluate for atepc_datasets/phone
APC_test_acc: 94.97(max: 96.58)  APC_test_f1: 94.17(max: 95.98)
ATE_test_f1: 87.23(max:88.21)
********************************************************************************
********************************************************************************
Train 4 Epoch5, Evaluate for atepc_datasets/phone
APC_test_acc: 96.38(max: 96.58)  APC_test_f1: 95.77(max: 95.98)
ATE_test_f1: 86.89(max:88.21)
********************************************************************************
********************************************************************************
Train 4 Epoch5, Evaluate for atepc_datasets/phone
APC_test_acc: 95.17(max: 96.58)  APC_test_f1: 94.31(max: 95.98)
ATE_test_f1: 85.21(max:88.21)
********************************************************************************
********************************************************************************
Train 4 Epoch5, Evaluate for atepc_datasets/phone
APC_test_acc: 94.97(max: 96.58)  APC_test_f1: 94.19(max: 95.98)
ATE_test_f1: 86.27(max:88.21)
********************************************************************************
********************************************************************************
Train 4 Epoch5, Evaluate for atepc_datasets/phone
APC_test_acc: 95.77(max: 96.58)  APC_test_f1: 95.05(max: 95.98)
ATE_test_f1: 88.41(max:88.41)
********************************************************************************
max_ate_test_f1:90.06 max_apc_test_acc: 97.18	max_apc_test_f1: 96.72 	
No.5 training process of 5
>>> dataset: phone
>>> output_dir: output
>>> SRD: 5
>>> learning_rate: 3e-05
>>> use_unique_bert: True
>>> use_bert_spc: False
>>> local_context_focus: cdm
>>> num_train_epochs: 5.0
>>> train_batch_size: 16
>>> dropout: 0.0
>>> max_seq_length: 80
>>> eval_batch_size: 32
>>> eval_steps: 20
>>> gradient_accumulation_steps: 1
>>> device: cuda:0
>>> seed: 5
>>> bert_model: pretrained-models/bert-base-chinese
>>> data_dir: atepc_datasets/phone
***** Running training *****
  Num examples = 1988
  Batch size = 16
  Num steps = 620
################################################################################
Train 5 Epoch1
################################################################################
################################################################################
Train 5 Epoch2
################################################################################
################################################################################
Train 5 Epoch3
################################################################################
################################################################################
Train 5 Epoch4
################################################################################
********************************************************************************
Train 5 Epoch4, Evaluate for atepc_datasets/phone
APC_test_acc: 96.38(max: 96.38)  APC_test_f1: 95.72(max: 95.72)
ATE_test_f1: 86.39(max:86.39)
********************************************************************************
********************************************************************************
Train 5 Epoch4, Evaluate for atepc_datasets/phone
APC_test_acc: 95.17(max: 96.38)  APC_test_f1: 94.43(max: 95.72)
ATE_test_f1: 87.32(max:87.32)
********************************************************************************
********************************************************************************
Train 5 Epoch4, Evaluate for atepc_datasets/phone
APC_test_acc: 96.38(max: 96.38)  APC_test_f1: 95.7(max: 95.72)
ATE_test_f1: 87.71(max:87.71)
********************************************************************************
********************************************************************************
Train 5 Epoch4, Evaluate for atepc_datasets/phone
APC_test_acc: 96.58(max: 96.58)  APC_test_f1: 96.02(max: 96.02)
ATE_test_f1: 87.18(max:87.71)
********************************************************************************
********************************************************************************
Train 5 Epoch4, Evaluate for atepc_datasets/phone
APC_test_acc: 96.98(max: 96.98)  APC_test_f1: 96.5(max: 96.5)
ATE_test_f1: 87.37(max:87.71)
********************************************************************************
********************************************************************************
Train 5 Epoch4, Evaluate for atepc_datasets/phone
APC_test_acc: 95.17(max: 96.98)  APC_test_f1: 94.52(max: 96.5)
ATE_test_f1: 86.27(max:87.71)
********************************************************************************
********************************************************************************
Train 5 Epoch4, Evaluate for atepc_datasets/phone
APC_test_acc: 95.17(max: 96.98)  APC_test_f1: 94.33(max: 96.5)
ATE_test_f1: 82.85(max:87.71)
********************************************************************************
################################################################################
Train 5 Epoch5
################################################################################
********************************************************************************
Train 5 Epoch5, Evaluate for atepc_datasets/phone
APC_test_acc: 95.17(max: 96.98)  APC_test_f1: 94.37(max: 96.5)
ATE_test_f1: 87.06(max:87.71)
********************************************************************************
********************************************************************************
Train 5 Epoch5, Evaluate for atepc_datasets/phone
APC_test_acc: 94.57(max: 96.98)  APC_test_f1: 93.49(max: 96.5)
ATE_test_f1: 87.8(max:87.8)
********************************************************************************
********************************************************************************
Train 5 Epoch5, Evaluate for atepc_datasets/phone
APC_test_acc: 95.77(max: 96.98)  APC_test_f1: 95.09(max: 96.5)
ATE_test_f1: 87.16(max:87.8)
********************************************************************************
********************************************************************************
Train 5 Epoch5, Evaluate for atepc_datasets/phone
APC_test_acc: 96.58(max: 96.98)  APC_test_f1: 95.98(max: 96.5)
ATE_test_f1: 88.33(max:88.33)
********************************************************************************
********************************************************************************
Train 5 Epoch5, Evaluate for atepc_datasets/phone
APC_test_acc: 96.78(max: 96.98)  APC_test_f1: 96.29(max: 96.5)
ATE_test_f1: 87.59(max:88.33)
********************************************************************************
********************************************************************************
Train 5 Epoch5, Evaluate for atepc_datasets/phone
APC_test_acc: 96.78(max: 96.98)  APC_test_f1: 96.26(max: 96.5)
ATE_test_f1: 86.86(max:88.33)
********************************************************************************
max_ate_test_f1:90.06 max_apc_test_acc: 97.18	max_apc_test_f1: 96.72 	
--------------------------------------------------------------------------------
Config 2 (totally 4 configs)
No.1 training process of 5
>>> dataset: car
>>> output_dir: output
>>> SRD: 5
>>> learning_rate: 3e-05
>>> use_unique_bert: True
>>> use_bert_spc: False
>>> local_context_focus: cdw
>>> num_train_epochs: 5.0
>>> train_batch_size: 16
>>> dropout: 0.0
>>> max_seq_length: 80
>>> eval_batch_size: 32
>>> eval_steps: 20
>>> gradient_accumulation_steps: 1
>>> device: cuda:0
>>> seed: 1
>>> bert_model: pretrained-models/bert-base-chinese
>>> data_dir: atepc_datasets/car
***** Running training *****
  Num examples = 921
  Batch size = 16
  Num steps = 285
################################################################################
Train 1 Epoch1
################################################################################
